<?xml version="1.0" encoding="UTF-8"?><testsuite errors="1" failures="0" name="Buscar en internet" skipped="0" tests="1" time="34.99" timestamp="2019-08-09 02:22:38"><testcase name="Search in google"><error message="chrome not reachable&#10;  (Session info: chrome=76.0.3809.100)&#10;Build info: version: '3.14.0', revision: 'aacccce0', time: '2018-08-02T20:19:58.91Z'&#10;System info: host: 'SBMEDLAPPROHG5', ip: '172.23.85.78', os.name: 'Windows 10', os.arch: 'amd64', os.version: '10.0', java.version: '1.8.0_201'&#10;Driver info: org.openqa.selenium.remote.RemoteWebDriver&#10;Capabilities {acceptInsecureCerts: false, browserName: chrome, browserVersion: 76.0.3809.100, chrome: {chromedriverVersion: 76.0.3809.68 (420c9498db8ce..., userDataDir: C:\Users\HERNAN.GIL\AppData...}, goog:chromeOptions: {debuggerAddress: localhost:61320}, javascriptEnabled: true, networkConnectionEnabled: false, pageLoadStrategy: normal, platform: XP, platformName: XP, proxy: Proxy(), setWindowRect: true, strictFileInteractability: false, timeouts: {implicit: 0, pageLoad: 300000, script: 30000}, unhandledPromptBehavior: dismiss and notify}&#10;Session ID: 0179647be10f9bd0d414a8f74d9741e7&#10;*** Element info: {Using=xpath, value=/html//div[@id='res']/div[2]/div/div/div/div/div/div/div/a/h3}" type="java.lang.AssertionError">chrome not reachable
  (Session info: chrome=76.0.3809.100)
Build info: version: '3.14.0', revision: 'aacccce0', time: '2018-08-02T20:19:58.91Z'
System info: host: 'SBMEDLAPPROHG5', ip: '172.23.85.78', os.name: 'Windows 10', os.arch: 'amd64', os.version: '10.0', java.version: '1.8.0_201'
Driver info: org.openqa.selenium.remote.RemoteWebDriver
Capabilities {acceptInsecureCerts: false, browserName: chrome, browserVersion: 76.0.3809.100, chrome: {chromedriverVersion: 76.0.3809.68 (420c9498db8ce..., userDataDir: C:\Users\HERNAN.GIL\AppData...}, goog:chromeOptions: {debuggerAddress: localhost:61320}, javascriptEnabled: true, networkConnectionEnabled: false, pageLoadStrategy: normal, platform: XP, platformName: XP, proxy: Proxy(), setWindowRect: true, strictFileInteractability: false, timeouts: {implicit: 0, pageLoad: 300000, script: 30000}, unhandledPromptBehavior: dismiss and notify}
Session ID: 0179647be10f9bd0d414a8f74d9741e7
*** Element info: {Using=xpath, value=/html//div[@id='res']/div[2]/div/div/div/div/div/div/div/a/h3}</error><system-err>chrome not reachable
  (Session info: chrome=76.0.3809.100)
Build info: version: '3.14.0', revision: 'aacccce0', time: '2018-08-02T20:19:58.91Z'
System info: host: 'SBMEDLAPPROHG5', ip: '172.23.85.78', os.name: 'Windows 10', os.arch: 'amd64', os.version: '10.0', java.version: '1.8.0_201'
Driver info: org.openqa.selenium.remote.RemoteWebDriver
Capabilities {acceptInsecureCerts: false, browserName: chrome, browserVersion: 76.0.3809.100, chrome: {chromedriverVersion: 76.0.3809.68 (420c9498db8ce..., userDataDir: C:\Users\HERNAN.GIL\AppData...}, goog:chromeOptions: {debuggerAddress: localhost:61320}, javascriptEnabled: true, networkConnectionEnabled: false, pageLoadStrategy: normal, platform: XP, platformName: XP, proxy: Proxy(), setWindowRect: true, strictFileInteractability: false, timeouts: {implicit: 0, pageLoad: 300000, script: 30000}, unhandledPromptBehavior: dismiss and notify}
Session ID: 0179647be10f9bd0d414a8f74d9741e7
*** Element info: {Using=xpath, value=/html//div[@id='res']/div[2]/div/div/div/div/div/div/div/a/h3}&#13;
co.com.google.capacitaciones.stepdefinitions.BuscarGoogleStepsDefinitions.heShouldSeeTheResultInTheScreen(BuscarGoogleStepsDefinitions.java:55)&#13;
✽.he should see the result in the screen(src/test/resources/features/BuscarGoogle.feature:11)&#13;
</system-err></testcase></testsuite>