<?xml version="1.0" encoding="UTF-8"?><testsuite errors="1" failures="0" name="Book a flight" skipped="0" tests="1" time="35.53" timestamp="2019-08-12 03:00:42"><testcase name="Add the &quot;Madrid&quot;, &quot;Aguascalientes&quot; and &quot;&lt;date&gt;&quot;"><error message="Arity mismatch: Step Definition 'com.aeromexico.world.capacitacion.stepsdefinitions.AeromexicoStepDefinitions.heAggregatesTheAnd(Data&gt;) in file:/C:/Users/HERNAN.GIL/eclipse-workspaces/Challenge/bin/' with pattern [^he aggregates the &quot;([^&quot;]*)&quot;, &quot;([^&quot;]*)&quot;, &quot;([^&quot;]*)&quot;, &quot;([^&quot;]*)&quot;, &quot;([^&quot;]*)&quot; and &quot;([^&quot;]*)&quot;$] is declared with 1 parameters. However, the gherkin step has 6 arguments [Madrid, Aguascalientes, Agosto, 25, Septiembre, 14]. &#10;Step text: he aggregates the &quot;Madrid&quot;, &quot;Aguascalientes&quot;, &quot;Agosto&quot;, &quot;25&quot;, &quot;Septiembre&quot; and &quot;14&quot;" type="cucumber.runtime.CucumberException">Arity mismatch: Step Definition 'com.aeromexico.world.capacitacion.stepsdefinitions.AeromexicoStepDefinitions.heAggregatesTheAnd(Data&gt;) in file:/C:/Users/HERNAN.GIL/eclipse-workspaces/Challenge/bin/' with pattern [^he aggregates the "([^"]*)", "([^"]*)", "([^"]*)", "([^"]*)", "([^"]*)" and "([^"]*)"$] is declared with 1 parameters. However, the gherkin step has 6 arguments [Madrid, Aguascalientes, Agosto, 25, Septiembre, 14]. 
Step text: he aggregates the "Madrid", "Aguascalientes", "Agosto", "25", "Septiembre" and "14"</error><system-err>Arity mismatch: Step Definition 'com.aeromexico.world.capacitacion.stepsdefinitions.AeromexicoStepDefinitions.heAggregatesTheAnd(Data&gt;) in file:/C:/Users/HERNAN.GIL/eclipse-workspaces/Challenge/bin/' with pattern [^he aggregates the "([^"]*)", "([^"]*)", "([^"]*)", "([^"]*)", "([^"]*)" and "([^"]*)"$] is declared with 1 parameters. However, the gherkin step has 6 arguments [Madrid, Aguascalientes, Agosto, 25, Septiembre, 14]. 
Step text: he aggregates the "Madrid", "Aguascalientes", "Agosto", "25", "Septiembre" and "14"&#13;
cucumber.runner.Runner.runPickle(Runner.java:80)&#13;
org.eclipse.jdt.internal.junit4.runner.JUnit4TestReference.run(JUnit4TestReference.java:86)&#13;
org.eclipse.jdt.internal.junit.runner.TestExecution.run(TestExecution.java:38)&#13;
org.eclipse.jdt.internal.junit.runner.RemoteTestRunner.runTests(RemoteTestRunner.java:538)&#13;
org.eclipse.jdt.internal.junit.runner.RemoteTestRunner.runTests(RemoteTestRunner.java:760)&#13;
org.eclipse.jdt.internal.junit.runner.RemoteTestRunner.run(RemoteTestRunner.java:460)&#13;
org.eclipse.jdt.internal.junit.runner.RemoteTestRunner.main(RemoteTestRunner.java:206)&#13;
</system-err></testcase></testsuite>